time=2024-12-17T05:18:03.307+05:00 level=INFO msg="server starting in port" !BADKEY=8000
time=2024-12-17T05:43:21.266+05:00 level=INFO msg="server starting in port" !BADKEY=8000
time=2024-12-17T05:49:31.176+05:00 level=INFO msg="server starting in port" !BADKEY=8000
time=2024-12-17T05:59:42.945+05:00 level=INFO msg="server starting in port" !BADKEY=8000
time=2024-12-17T06:01:35.666+05:00 level=INFO msg="server starting in port" !BADKEY=8000
time=2024-12-17T06:01:49.729+05:00 level=ERROR msg="Error decoding JSON: " !BADKEY=EOF !BADKEY={}
time=2024-12-17T06:08:33.901+05:00 level=INFO msg="server starting in port" !BADKEY=8000
time=2024-12-17T06:14:22.397+05:00 level=INFO msg="server starting in port" !BADKEY=8000
time=2024-12-17T06:16:30.171+05:00 level=INFO msg="server starting in port" !BADKEY=8000
time=2024-12-17T06:18:20.198+05:00 level=INFO msg="server starting in port" !BADKEY=8000
time=2024-12-17T06:21:21.272+05:00 level=INFO msg="server starting in port" !BADKEY=8000
time=2024-12-17T06:21:51.143+05:00 level=DEBUG msg="starting registration"
time=2024-12-17T06:21:51.145+05:00 level=DEBUG msg=err: !BADKEY="expected 6 arguments, got 7" data:={err:0xc0002363c0}
time=2024-12-17T06:22:34.012+05:00 level=INFO msg="server starting in port" !BADKEY=8000
time=2024-12-17T06:22:35.802+05:00 level=DEBUG msg="starting registration"
time=2024-12-17T06:22:35.811+05:00 level=DEBUG msg="registration successfully" username:=anuarrrr
time=2024-12-17T06:38:46.095+05:00 level=INFO msg="server starting in port" !BADKEY=8000
time=2024-12-17T06:39:08.300+05:00 level=DEBUG msg=LoginUser !BADKEY="starting login user"
time=2024-12-17T06:39:08.303+05:00 level=ERROR msg=LoginUser "ошибка выполнения SQL-запроса при логине"=err !BADKEY="no rows in result set"
time=2024-12-17T06:40:21.107+05:00 level=DEBUG msg=LoginUser !BADKEY="starting login user"
time=2024-12-17T06:40:21.109+05:00 level=ERROR msg=LoginUser "ошибка выполнения SQL-запроса при логине"=err !BADKEY="no rows in result set"
time=2024-12-17T06:40:35.017+05:00 level=DEBUG msg=LoginUser !BADKEY="starting login user"
time=2024-12-17T06:40:35.017+05:00 level=ERROR msg=LoginUser "ошибка выполнения SQL-запроса при логине"=err !BADKEY="no rows in result set"
time=2024-12-17T06:40:49.393+05:00 level=DEBUG msg=LoginUser !BADKEY="starting login user"
time=2024-12-17T06:40:49.393+05:00 level=ERROR msg=LoginUser "ошибка выполнения SQL-запроса при логине"=err !BADKEY="no rows in result set"
time=2024-12-17T06:55:55.287+05:00 level=INFO msg="server starting in port" !BADKEY=8000
time=2024-12-17T06:56:22.396+05:00 level=INFO msg="server starting in port" !BADKEY=8000
time=2024-12-17T07:04:45.690+05:00 level=INFO msg="server starting in port" !BADKEY=8000
time=2024-12-17T07:06:40.369+05:00 level=INFO msg="server starting in port" !BADKEY=8000
time=2024-12-17T07:08:42.214+05:00 level=INFO msg="server starting in port" !BADKEY=8000
time=2024-12-17T07:12:37.759+05:00 level=INFO msg="server starting in port" !BADKEY=8000
time=2024-12-17T07:14:22.495+05:00 level=INFO msg="server starting in port" !BADKEY=8000
time=2024-12-17T07:14:55.772+05:00 level=INFO msg="server starting in port" !BADKEY=8000
time=2024-12-17T07:28:53.173+05:00 level=INFO msg="server starting in port" !BADKEY=8000
time=2024-12-17T07:32:04.181+05:00 level=INFO msg="server starting in port" !BADKEY=8000
time=2024-12-17T07:33:27.341+05:00 level=INFO msg="server starting in port" !BADKEY=8000
time=2024-12-17T07:34:00.646+05:00 level=INFO msg="server starting in port" !BADKEY=8000
time=2024-12-17T08:34:25.298+05:00 level=INFO msg="server starting in port" !BADKEY=8000
time=2024-12-17T08:43:51.963+05:00 level=DEBUG msg=LoginUser !BADKEY="starting login user"
time=2024-12-17T08:43:51.972+05:00 level=ERROR msg=LoginUser "ошибка выполнения SQL-запроса при логине"=err !BADKEY="no rows in result set"
time=2024-12-17T08:47:51.211+05:00 level=INFO msg="server starting in port" !BADKEY=8000
time=2024-12-17T08:47:55.549+05:00 level=DEBUG msg=LoginUser !BADKEY="starting login user"
time=2024-12-17T08:47:55.550+05:00 level=DEBUG msg=LoginUser username=""
time=2024-12-17T08:47:55.554+05:00 level=ERROR msg=LoginUser "ошибка выполнения SQL-запроса при логине"=err !BADKEY="no rows in result set"
time=2024-12-17T08:49:32.672+05:00 level=DEBUG msg=LoginUser !BADKEY="starting login user"
time=2024-12-17T08:49:32.672+05:00 level=DEBUG msg=LoginUser username=""
time=2024-12-17T08:49:32.673+05:00 level=ERROR msg=LoginUser "ошибка выполнения SQL-запроса при логине"=err !BADKEY="no rows in result set"
time=2024-12-17T08:50:05.439+05:00 level=DEBUG msg=LoginUser !BADKEY="starting login user"
time=2024-12-17T08:50:05.439+05:00 level=DEBUG msg=LoginUser username=""
time=2024-12-17T08:50:05.439+05:00 level=ERROR msg=LoginUser "ошибка выполнения SQL-запроса при логине"=err !BADKEY="no rows in result set"
time=2024-12-17T08:53:44.583+05:00 level=INFO msg="server starting in port" !BADKEY=8000
time=2024-12-17T08:54:05.063+05:00 level=DEBUG msg=Login "starting login attempt"=username !BADKEY=""
time=2024-12-17T08:54:05.063+05:00 level=DEBUG msg=LoginUser !BADKEY="starting login user"
time=2024-12-17T08:54:05.063+05:00 level=DEBUG msg=LoginUser username=""
time=2024-12-17T08:54:05.065+05:00 level=ERROR msg=LoginUser "ошибка выполнения SQL-запроса при логине"=err !BADKEY="no rows in result set"
time=2024-12-17T08:54:05.065+05:00 level=ERROR msg=Login "error during login"=username ""=error !BADKEY="no rows in result set"
time=2024-12-17T08:54:22.173+05:00 level=DEBUG msg=Login "starting login attempt"=username !BADKEY=""
time=2024-12-17T08:54:22.173+05:00 level=DEBUG msg=LoginUser !BADKEY="starting login user"
time=2024-12-17T08:54:22.173+05:00 level=DEBUG msg=LoginUser username=""
time=2024-12-17T08:54:22.174+05:00 level=ERROR msg=LoginUser "ошибка выполнения SQL-запроса при логине"=err !BADKEY="no rows in result set"
time=2024-12-17T08:54:22.174+05:00 level=ERROR msg=Login "error during login"=username ""=error !BADKEY="no rows in result set"
time=2024-12-17T09:01:57.268+05:00 level=DEBUG msg=Login "starting login attempt"=username !BADKEY=fyefh
time=2024-12-17T09:01:57.268+05:00 level=DEBUG msg=LoginUser !BADKEY="starting login user"
time=2024-12-17T09:01:57.268+05:00 level=DEBUG msg=LoginUser username=fyefh
time=2024-12-17T09:01:57.269+05:00 level=WARN msg=LoginUser "неверный пароль для пользователя"=username !BADKEY=fyefh
time=2024-12-17T09:01:57.269+05:00 level=ERROR msg=Login "error during login"=username fyefh=error !BADKEY="неверный пароль"
time=2024-12-17T09:02:34.478+05:00 level=DEBUG msg=Login "starting login attempt"=username !BADKEY=fyefh
time=2024-12-17T09:02:34.478+05:00 level=DEBUG msg=LoginUser !BADKEY="starting login user"
time=2024-12-17T09:02:34.478+05:00 level=DEBUG msg=LoginUser username=fyefh
time=2024-12-17T09:02:34.479+05:00 level=WARN msg=LoginUser "неверный пароль для пользователя"=username !BADKEY=fyefh
time=2024-12-17T09:02:34.479+05:00 level=ERROR msg=Login "error during login"=username fyefh=error !BADKEY="неверный пароль"
time=2024-12-17T09:08:42.903+05:00 level=INFO msg="server starting in port" !BADKEY=8000
time=2024-12-17T09:24:18.704+05:00 level=DEBUG msg="starting registration"
time=2024-12-17T09:24:18.713+05:00 level=DEBUG msg=err: !BADKEY="ОШИБКА: INSERT содержит больше целевых столбцов, чем выражений (SQLSTATE 42601)" data:={err:0xc00013a100}
time=2024-12-17T09:25:02.641+05:00 level=INFO msg="server starting in port" !BADKEY=8000
time=2024-12-17T09:25:10.240+05:00 level=DEBUG msg="starting registration"
time=2024-12-17T09:25:10.264+05:00 level=DEBUG msg="registration successfully" username:=Anuar
time=2024-12-17T09:25:24.794+05:00 level=DEBUG msg=Login "starting login attempt"=username !BADKEY=Anuar
time=2024-12-17T09:25:24.794+05:00 level=DEBUG msg=LoginUser !BADKEY="starting login user"
time=2024-12-17T09:25:24.794+05:00 level=DEBUG msg=Login username=Anuar
time=2024-12-17T09:25:24.936+05:00 level=INFO msg="пользователь успешно аутентифицирован" username=Anuar
time=2024-12-17T09:25:24.936+05:00 level=INFO msg=Login "user authenticated successfully"=username !BADKEY=Anuar
time=2024-12-17T18:13:40.751+05:00 level=INFO msg="server starting in port" !BADKEY=8000
time=2024-12-17T18:30:21.477+05:00 level=DEBUG msg=Login "starting login attempt"=username !BADKEY=fyefh
time=2024-12-17T18:30:21.478+05:00 level=DEBUG msg=LoginUser !BADKEY="starting login user"
time=2024-12-17T18:30:21.478+05:00 level=DEBUG msg=Login username=fyefh
time=2024-12-17T18:30:21.488+05:00 level=WARN msg=LoginUser "неверный пароль для пользователя"=username !BADKEY=fyefh
time=2024-12-17T18:30:21.488+05:00 level=ERROR msg=Login "error during login"=username fyefh=error !BADKEY="неверный пароль"
time=2024-12-17T18:30:38.058+05:00 level=DEBUG msg=Login "starting login attempt"=username !BADKEY=Anuar
time=2024-12-17T18:30:38.058+05:00 level=DEBUG msg=LoginUser !BADKEY="starting login user"
time=2024-12-17T18:30:38.058+05:00 level=DEBUG msg=Login username=Anuar
time=2024-12-17T18:30:38.162+05:00 level=INFO msg="пользователь успешно аутентифицирован" username=Anuar
time=2024-12-17T18:30:38.163+05:00 level=INFO msg=Login "user authenticated successfully"=username !BADKEY=Anuar
time=2024-12-17T18:35:22.924+05:00 level=INFO msg="server starting in port" !BADKEY=8000
time=2024-12-17T18:35:41.522+05:00 level=DEBUG msg=Login "starting login attempt"=username !BADKEY=Anuar
time=2024-12-17T18:35:41.522+05:00 level=DEBUG msg=LoginUser !BADKEY="starting login user"
time=2024-12-17T18:35:41.522+05:00 level=DEBUG msg=Login username=Anuar
time=2024-12-17T18:35:41.637+05:00 level=INFO msg="пользователь успешно аутентифицирован" username=Anuar
time=2024-12-17T18:35:41.637+05:00 level=INFO msg=Login "user authenticated successfully"=username !BADKEY=Anuar
time=2024-12-17T19:02:59.104+05:00 level=INFO msg="server starting in port" !BADKEY=8000
time=2024-12-17T19:03:11.322+05:00 level=ERROR msg=CreateDialog "Ошибка добавления диалога в БД"=err: !BADKEY="ОШИБКА: неверный синтаксис для типа uuid: \"\" (SQLSTATE 22P02)"
time=2024-12-17T19:05:15.525+05:00 level=ERROR msg=CreateDialog "Ошибка добавления диалога в БД"=err: !BADKEY="ОШИБКА: неверный синтаксис для типа uuid: \"\" (SQLSTATE 22P02)"
time=2024-12-17T19:06:43.575+05:00 level=ERROR msg=CreateDialog "Ошибка добавления диалога в БД"=err: !BADKEY="ОШИБКА: неверный синтаксис для типа uuid: \"\" (SQLSTATE 22P02)"
time=2024-12-17T19:06:50.202+05:00 level=ERROR msg=CreateDialog "Ошибка добавления диалога в БД"=err: !BADKEY="ОШИБКА: неверный синтаксис для типа uuid: \"\" (SQLSTATE 22P02)"
time=2024-12-17T19:12:39.433+05:00 level=INFO msg="server starting in port" !BADKEY=8000
time=2024-12-17T19:17:42.002+05:00 level=INFO msg="server starting in port" !BADKEY=8000
time=2024-12-17T19:31:09.452+05:00 level=INFO msg="server starting in port" !BADKEY=8000
time=2024-12-17T19:58:53.040+05:00 level=INFO msg="server starting in port" !BADKEY=8000
time=2024-12-17T19:58:59.146+05:00 level=ERROR msg=GetUserDialogs "Error reading rows"=err: !BADKEY="ОШИБКА: неверный синтаксис для типа uuid: \"\" (SQLSTATE 22P02)"
time=2024-12-17T20:04:50.014+05:00 level=ERROR msg=GetUserDialogs "Error reading rows"=err: !BADKEY="ОШИБКА: неверный синтаксис для типа uuid: \"\" (SQLSTATE 22P02)"
time=2024-12-17T20:04:53.875+05:00 level=ERROR msg=GetUserDialogs "Error reading rows"=err: !BADKEY="ОШИБКА: неверный синтаксис для типа uuid: \"\" (SQLSTATE 22P02)"
time=2024-12-17T20:05:24.792+05:00 level=ERROR msg=GetUserDialogs "Error reading rows"=err: !BADKEY="ОШИБКА: неверный синтаксис для типа uuid: \"\" (SQLSTATE 22P02)"
time=2024-12-17T20:09:21.636+05:00 level=ERROR msg=GetUserDialogs "Error reading rows"=err: !BADKEY="ОШИБКА: неверный синтаксис для типа uuid: \"\" (SQLSTATE 22P02)"
time=2024-12-17T20:09:21.936+05:00 level=ERROR msg=GetUserDialogs "Error reading rows"=err: !BADKEY="ОШИБКА: неверный синтаксис для типа uuid: \"\" (SQLSTATE 22P02)"
time=2024-12-17T20:10:33.341+05:00 level=ERROR msg=GetUserDialogs "Error reading rows"=err: !BADKEY="ОШИБКА: неверный синтаксис для типа uuid: \"\" (SQLSTATE 22P02)"
time=2024-12-17T20:10:33.866+05:00 level=ERROR msg=GetUserDialogs "Error reading rows"=err: !BADKEY="ОШИБКА: неверный синтаксис для типа uuid: \"\" (SQLSTATE 22P02)"
time=2024-12-17T20:11:16.894+05:00 level=ERROR msg=GetUserDialogs "Error reading rows"=err: !BADKEY="ОШИБКА: неверный синтаксис для типа uuid: \"\" (SQLSTATE 22P02)"
time=2024-12-17T20:11:17.151+05:00 level=ERROR msg=GetUserDialogs "Error reading rows"=err: !BADKEY="ОШИБКА: неверный синтаксис для типа uuid: \"\" (SQLSTATE 22P02)"
time=2024-12-17T20:12:03.800+05:00 level=ERROR msg=GetUserDialogs "Error reading rows"=err: !BADKEY="ОШИБКА: неверный синтаксис для типа uuid: \"\" (SQLSTATE 22P02)"
time=2024-12-17T20:12:04.890+05:00 level=ERROR msg=GetUserDialogs "Error reading rows"=err: !BADKEY="ОШИБКА: неверный синтаксис для типа uuid: \"\" (SQLSTATE 22P02)"
time=2024-12-17T20:12:16.915+05:00 level=ERROR msg=GetUserDialogs "Error reading rows"=err: !BADKEY="ОШИБКА: неверный синтаксис для типа uuid: \"\" (SQLSTATE 22P02)"
time=2024-12-17T20:18:15.117+05:00 level=ERROR msg=GetUserDialogs "Error reading rows"=err: !BADKEY="ОШИБКА: неверный синтаксис для типа uuid: \"\" (SQLSTATE 22P02)"
time=2024-12-17T20:18:20.388+05:00 level=ERROR msg=GetUserDialogs "Error reading rows"=err: !BADKEY="ОШИБКА: неверный синтаксис для типа uuid: \"\" (SQLSTATE 22P02)"
time=2024-12-17T20:18:28.810+05:00 level=ERROR msg=GetUserDialogs "Error reading rows"=err: !BADKEY="ОШИБКА: неверный синтаксис для типа uuid: \"\" (SQLSTATE 22P02)"
time=2024-12-17T20:22:40.023+05:00 level=ERROR msg=GetUserDialogs "Error reading rows"=err: !BADKEY="ОШИБКА: неверный синтаксис для типа uuid: \"\" (SQLSTATE 22P02)"
time=2024-12-17T20:22:42.001+05:00 level=ERROR msg=GetUserDialogs "Error reading rows"=err: !BADKEY="ОШИБКА: неверный синтаксис для типа uuid: \"\" (SQLSTATE 22P02)"
time=2024-12-17T20:24:05.614+05:00 level=ERROR msg=GetUserDialogs "Error reading rows"=err: !BADKEY="ОШИБКА: неверный синтаксис для типа uuid: \"\" (SQLSTATE 22P02)"
time=2024-12-17T20:24:07.471+05:00 level=ERROR msg=GetUserDialogs "Error reading rows"=err: !BADKEY="ОШИБКА: неверный синтаксис для типа uuid: \"\" (SQLSTATE 22P02)"
time=2024-12-17T20:24:20.051+05:00 level=ERROR msg=GetUserDialogs "Error reading rows"=err: !BADKEY="ОШИБКА: неверный синтаксис для типа uuid: \"\" (SQLSTATE 22P02)"
time=2024-12-17T20:26:08.532+05:00 level=INFO msg="server starting in port" !BADKEY=8000
time=2024-12-17T20:34:13.615+05:00 level=INFO msg="server starting in port" !BADKEY=8000
time=2024-12-17T20:39:44.646+05:00 level=INFO msg="server starting in port" !BADKEY=8000
time=2024-12-17T20:41:01.680+05:00 level=ERROR msg=CreateDialog "Ошибка добавления диалога в БД"=err: !BADKEY="no rows in result set"
time=2024-12-17T20:48:26.775+05:00 level=INFO msg="server starting in port" !BADKEY=8000
time=2024-12-17T22:31:23.300+05:00 level=INFO msg="server starting in port" !BADKEY=8000
